  main.c
C:\Users\joy\Desktop\Study.v1\Hard_C_Study\05.SizeOfOperator\main.c(8,39): warning C4013: 'sizof'이(가) 정의되지 않았습니다. extern은 int형을 반환하는 것으로 간주합니다.
C:\Users\joy\Desktop\Study.v1\Hard_C_Study\05.SizeOfOperator\main.c(9,9): warning C4477: 'printf' : 서식 문자열 '%d'에 'int' 형식의 인수가 필요하지만 variadic 인수 1의 형식이 'size_t'입니다.
C:\Users\joy\Desktop\Study.v1\Hard_C_Study\05.SizeOfOperator\main.c(9,9): message : 서식 문자열에서 '%zd'을(를) 사용하는 것이 좋습니다.
C:\Users\joy\Desktop\Study.v1\Hard_C_Study\05.SizeOfOperator\main.c(10,9): warning C4477: 'printf' : 서식 문자열 '%d'에 'int' 형식의 인수가 필요하지만 variadic 인수 1의 형식이 'size_t'입니다.
C:\Users\joy\Desktop\Study.v1\Hard_C_Study\05.SizeOfOperator\main.c(10,9): message : 서식 문자열에서 '%zd'을(를) 사용하는 것이 좋습니다.
C:\Users\joy\Desktop\Study.v1\Hard_C_Study\05.SizeOfOperator\main.c(12,9): warning C4477: 'printf' : 서식 문자열 '%d'에 'int' 형식의 인수가 필요하지만 variadic 인수 1의 형식이 'size_t'입니다.
C:\Users\joy\Desktop\Study.v1\Hard_C_Study\05.SizeOfOperator\main.c(12,9): message : 서식 문자열에서 '%zd'을(를) 사용하는 것이 좋습니다.
C:\Users\joy\Desktop\Study.v1\Hard_C_Study\05.SizeOfOperator\main.c(13,9): warning C4477: 'printf' : 서식 문자열 '%d'에 'int' 형식의 인수가 필요하지만 variadic 인수 1의 형식이 'size_t'입니다.
C:\Users\joy\Desktop\Study.v1\Hard_C_Study\05.SizeOfOperator\main.c(13,9): message : 서식 문자열에서 '%zd'을(를) 사용하는 것이 좋습니다.
C:\Users\joy\Desktop\Study.v1\Hard_C_Study\05.SizeOfOperator\main.c(14,9): warning C4477: 'printf' : 서식 문자열 '%d'에 'int' 형식의 인수가 필요하지만 variadic 인수 1의 형식이 'size_t'입니다.
C:\Users\joy\Desktop\Study.v1\Hard_C_Study\05.SizeOfOperator\main.c(14,9): message : 서식 문자열에서 '%zd'을(를) 사용하는 것이 좋습니다.
C:\Users\joy\Desktop\Study.v1\Hard_C_Study\05.SizeOfOperator\main.c(15,9): warning C4477: 'printf' : 서식 문자열 '%d'에 'int' 형식의 인수가 필요하지만 variadic 인수 1의 형식이 'size_t'입니다.
C:\Users\joy\Desktop\Study.v1\Hard_C_Study\05.SizeOfOperator\main.c(15,9): message : 서식 문자열에서 '%zd'을(를) 사용하는 것이 좋습니다.
C:\Users\joy\Desktop\Study.v1\Hard_C_Study\05.SizeOfOperator\main.c(16,9): warning C4477: 'printf' : 서식 문자열 '%d'에 'int' 형식의 인수가 필요하지만 variadic 인수 1의 형식이 'size_t'입니다.
C:\Users\joy\Desktop\Study.v1\Hard_C_Study\05.SizeOfOperator\main.c(16,9): message : 서식 문자열에서 '%zd'을(를) 사용하는 것이 좋습니다.
C:\Users\joy\Desktop\Study.v1\Hard_C_Study\05.SizeOfOperator\main.c(17,9): warning C4477: 'printf' : 서식 문자열 '%d'에 'int' 형식의 인수가 필요하지만 variadic 인수 1의 형식이 'size_t'입니다.
C:\Users\joy\Desktop\Study.v1\Hard_C_Study\05.SizeOfOperator\main.c(17,9): message : 서식 문자열에서 '%zd'을(를) 사용하는 것이 좋습니다.
main.obj : error LNK2019: sizofmain 함수에서 참조되는 확인할 수 없는 외부 기호
C:\Users\joy\Desktop\Study.v1\Hard_C_Study\x64\Debug\05.SizeOfOperator.exe : fatal error LNK1120: 1개의 확인할 수 없는 외부 참조입니다.
